<?xml version="1.0" encoding="UTF-8"?>
<!-- Generated by org.testng.reporters.JUnitXMLReporter -->
<testsuite ignored="0" hostname="DESKTOP-POF9692" failures="0" tests="4" name="Test" time="193.102" errors="0" timestamp="2020-04-13T09:14:05 IST">
  <testcase classname="ctsNaukriProject.Runner.ctsNaukriProjectRunner" name="login" time="80.343"/>
  <testcase classname="ctsNaukriProject.Runner.ctsNaukriProjectRunner2" name="login" time="45.433"/>
  <testcase classname="ctsNaukriProject.Runner.ctsNaukriProjectRunner3" name="login" time="41.894"/>
  <testcase classname="ctsNaukriProject.Runner.ctsNaukriProjectRunner4" name="login" time="24.354"/>
</testsuite> <!-- Test -->
