<?xml version="1.0" encoding="UTF-8"?>
<testng-results ignored="0" total="4" passed="4" failed="0" skipped="0">
  <reporter-output>
  </reporter-output>
  <suite started-at="2020-04-13T09:10:52 IST" name="Suite" finished-at="2020-04-13T09:14:05 IST" duration-ms="193102">
    <groups>
    </groups>
    <test started-at="2020-04-13T09:10:52 IST" name="Test" finished-at="2020-04-13T09:14:05 IST" duration-ms="193102">
      <class name="ctsNaukriProject.Runner.ctsNaukriProjectRunner">
        <test-method is-config="true" signature="setUP()[pri:0, instance:ctsNaukriProject.Runner.ctsNaukriProjectRunner@69b2283a]" started-at="2020-04-13T09:10:52 IST" name="setUP" finished-at="2020-04-13T09:10:52 IST" duration-ms="244" status="PASS">
          <reporter-output>
          </reporter-output>
        </test-method> <!-- setUP -->
        <test-method signature="login(cucumber.api.testng.CucumberFeatureWrapper)[pri:0, instance:ctsNaukriProject.Runner.ctsNaukriProjectRunner@69b2283a]" started-at="2020-04-13T09:10:52 IST" name="login" description="login" data-provider="features" finished-at="2020-04-13T09:12:12 IST" duration-ms="80343" status="PASS">
          <params>
            <param index="0">
              <value>
                <![CDATA[Test Naukri valid credentials Login]]>
              </value>
            </param>
          </params>
          <reporter-output>
          </reporter-output>
        </test-method> <!-- login -->
        <test-method is-config="true" signature="tearDown()[pri:0, instance:ctsNaukriProject.Runner.ctsNaukriProjectRunner@69b2283a]" started-at="2020-04-13T09:12:13 IST" name="tearDown" finished-at="2020-04-13T09:12:13 IST" duration-ms="86" status="PASS">
          <reporter-output>
          </reporter-output>
        </test-method> <!-- tearDown -->
      </class> <!-- ctsNaukriProject.Runner.ctsNaukriProjectRunner -->
      <class name="ctsNaukriProject.Runner.ctsNaukriProjectRunner4">
        <test-method is-config="true" signature="setUP()[pri:0, instance:ctsNaukriProject.Runner.ctsNaukriProjectRunner4@1d119efb]" started-at="2020-04-13T09:13:40 IST" name="setUP" finished-at="2020-04-13T09:13:40 IST" duration-ms="19" status="PASS">
          <reporter-output>
          </reporter-output>
        </test-method> <!-- setUP -->
        <test-method signature="login(cucumber.api.testng.CucumberFeatureWrapper)[pri:0, instance:ctsNaukriProject.Runner.ctsNaukriProjectRunner4@1d119efb]" started-at="2020-04-13T09:13:40 IST" name="login" description="login" data-provider="features" finished-at="2020-04-13T09:14:05 IST" duration-ms="24354" status="PASS">
          <params>
            <param index="0">
              <value>
                <![CDATA[Test Naukri with invalid credentials Login]]>
              </value>
            </param>
          </params>
          <reporter-output>
          </reporter-output>
        </test-method> <!-- login -->
        <test-method is-config="true" signature="tearDown()[pri:0, instance:ctsNaukriProject.Runner.ctsNaukriProjectRunner4@1d119efb]" started-at="2020-04-13T09:14:05 IST" name="tearDown" finished-at="2020-04-13T09:14:05 IST" duration-ms="10" status="PASS">
          <reporter-output>
          </reporter-output>
        </test-method> <!-- tearDown -->
      </class> <!-- ctsNaukriProject.Runner.ctsNaukriProjectRunner4 -->
      <class name="ctsNaukriProject.Runner.ctsNaukriProjectRunner2">
        <test-method is-config="true" signature="setUP()[pri:0, instance:ctsNaukriProject.Runner.ctsNaukriProjectRunner2@22a637e7]" started-at="2020-04-13T09:12:13 IST" name="setUP" finished-at="2020-04-13T09:12:13 IST" duration-ms="11" status="PASS">
          <reporter-output>
          </reporter-output>
        </test-method> <!-- setUP -->
        <test-method signature="login(cucumber.api.testng.CucumberFeatureWrapper)[pri:0, instance:ctsNaukriProject.Runner.ctsNaukriProjectRunner2@22a637e7]" started-at="2020-04-13T09:12:13 IST" name="login" description="login" data-provider="features" finished-at="2020-04-13T09:12:58 IST" duration-ms="45433" status="PASS">
          <params>
            <param index="0">
              <value>
                <![CDATA[search element from home page using getText]]>
              </value>
            </param>
          </params>
          <reporter-output>
          </reporter-output>
        </test-method> <!-- login -->
        <test-method is-config="true" signature="tearDown()[pri:0, instance:ctsNaukriProject.Runner.ctsNaukriProjectRunner2@22a637e7]" started-at="2020-04-13T09:12:58 IST" name="tearDown" finished-at="2020-04-13T09:12:58 IST" duration-ms="7" status="PASS">
          <reporter-output>
          </reporter-output>
        </test-method> <!-- tearDown -->
      </class> <!-- ctsNaukriProject.Runner.ctsNaukriProjectRunner2 -->
      <class name="ctsNaukriProject.Runner.ctsNaukriProjectRunner3">
        <test-method is-config="true" signature="setUP()[pri:0, instance:ctsNaukriProject.Runner.ctsNaukriProjectRunner3@6fe7aac8]" started-at="2020-04-13T09:12:58 IST" name="setUP" finished-at="2020-04-13T09:12:58 IST" duration-ms="16" status="PASS">
          <reporter-output>
          </reporter-output>
        </test-method> <!-- setUP -->
        <test-method signature="login(cucumber.api.testng.CucumberFeatureWrapper)[pri:0, instance:ctsNaukriProject.Runner.ctsNaukriProjectRunner3@6fe7aac8]" started-at="2020-04-13T09:12:58 IST" name="login" description="login" data-provider="features" finished-at="2020-04-13T09:13:40 IST" duration-ms="41894" status="PASS">
          <params>
            <param index="0">
              <value>
                <![CDATA[Doing Mouse Hover Actions]]>
              </value>
            </param>
          </params>
          <reporter-output>
          </reporter-output>
        </test-method> <!-- login -->
        <test-method is-config="true" signature="tearDown()[pri:0, instance:ctsNaukriProject.Runner.ctsNaukriProjectRunner3@6fe7aac8]" started-at="2020-04-13T09:13:40 IST" name="tearDown" finished-at="2020-04-13T09:13:40 IST" duration-ms="12" status="PASS">
          <reporter-output>
          </reporter-output>
        </test-method> <!-- tearDown -->
      </class> <!-- ctsNaukriProject.Runner.ctsNaukriProjectRunner3 -->
    </test> <!-- Test -->
  </suite> <!-- Suite -->
</testng-results>
